<?xml version="1.0" encoding="UTF-8"?>
<!-- Generated by org.testng.reporters.JUnitReportReporter -->
<testsuite hostname="DESKTOP-DS4E23A" failures="0" tests="1" name="Com.SauceDemo.TestClasses.TC_03_AddMultipleProduct" time="13.881" errors="0" timestamp="2022-10-30T16:29:14 IST" skipped="0">
  <testcase classname="Com.SauceDemo.TestClasses.TC_03_AddMultipleProduct" name="addAllproduct" time="13.881"/>
  <system-out/>
</testsuite> <!-- Com.SauceDemo.TestClasses.TC_03_AddMultipleProduct -->
