<?xml version="1.0" encoding="UTF-8"?>
<!-- Generated by org.testng.reporters.JUnitReportReporter -->
<testsuite hostname="DESKTOP-DS4E23A" failures="0" tests="1" name="Com.SauceDemo.TestClasses.TC_01_login_functionality" time="8.526" errors="0" timestamp="2022-10-30T16:29:14 IST" skipped="0">
  <testcase classname="Com.SauceDemo.TestClasses.TC_01_login_functionality" name="setUP" time="8.526"/>
  <system-out/>
</testsuite> <!-- Com.SauceDemo.TestClasses.TC_01_login_functionality -->
