<?xml version="1.0" encoding="UTF-8"?>
<!-- Generated by org.testng.reporters.JUnitReportReporter -->
<testsuite hostname="DESKTOP-DS4E23A" failures="0" tests="1" name="practice.testng" time="0.016" errors="0" timestamp="2022-10-28T23:25:05 IST" skipped="0">
  <testcase classname="practice.testng" name="method" time="0.016"/>
  <system-out/>
</testsuite> <!-- practice.testng -->
